
ROM used:   43574/32352 (67%)
            43574/32352 (67%) including unused fragments

            4.9 Average locations per line
            13.0 Average locations per statement

RAM used:   949/3956 (24%) at main() level
            995/3956 (25%) worst case

Stack used: 1 worst case (0 in main + 1 for interrupts)
Stack size: 30

Lines Stmts  %   Files
----- ----- ---  -----
  151    78   2  ..\main.c
  823     0   0  ..\..\..\..\..\..\Program Files (x86)\PICC\devices\18F4620.h
  423     0   0  ..\..\..\..\..\..\Program Files (x86)\PICC\drivers\string.h
   32     0   0  ..\..\..\..\..\..\Program Files (x86)\PICC\drivers\stddef.h
   28     0   0  ..\..\..\..\..\..\Program Files (x86)\PICC\drivers\ctype.h
   37     0   0  ..\..\..\..\..\..\Program Files (x86)\PICC\drivers\stdio.h
 2229   257   8  ..\..\..\..\..\..\Program Files (x86)\PICC\drivers\math.h
 1351   359  11  ..\..\..\..\..\..\Program Files (x86)\PICC\drivers\stdlib.h
   79     0   0  ..\main.h
   33    17   1  ..\pcf8574.c
   26    18   1  ..\pca9555.c
   80    55   2  ..\display_maq.c
   72    46   1  ..\24c64.c
   99    67   2  ..\teclado_21_teclas.c
  148    72   2  ..\stepper_motor.c
  183    78   2  ..\I_O.c
  116    71   2  ..\comunicacao_entre_maquinas.c
   15     0   0  ..\comunicacao_entre_maquinas.h
  263   193   6  ..\telas_maquina_1.c
   50     0   0  ..\telas_maquina_1.h
  245   149   4  ..\Axis_x.c
  257   159   5  ..\Axis_y.c
  251   158   5  ..\Axis_z.c
  566   549  16  ..\movimentos_maq_1.c
  334   318   9  ..\maquinas_maq_1.c
   47    28   1  ..\Modelos_maq_1.c
  865   691  21  ..\att_telas_1.c
   22     0   0  ..\att_telas_1.h
----- -----
 8825  3363 Total

Page ROM  %  RAM   Vol Diff  Functions:
---- --- --- ---   --- ----  ----------
0     54   0    2             @ITOF
0    246   0   11             @MULFF
0    632   1   16             @ADDFF
0    350   0   14             @DIVFF
0     92   0   14             @MUL3232
0     40   0    1             @delay_ms1
0     34   0    1             @delay_us1
0     28   0    1             @I2C_WRITEU_1
0     28   0    1             @I2C_READU_1
0     54   0    3   163  3.8  escreve_pcf8574
0     54   0    3   172  3.8  le_pcf8574A
0     82   0    5   267  4.2  escreve_PCA9555
0    136   0    6   466  5.1  le_PCA9555
0     62   0    1   154  1.8  write
0     12   0    1    42  1.1  displayprog
0     22   0    0    37  1.1  limpa_display
0    102   0    0   267  2.3  inicializa_display
0     84   0    3   499  5.0  posiciona_cursor
0     12   0    1    42  1.1  display
0     84   0    1   275  5.0  lcd_putc
0    108   0    5   295  3.4  write_ext_eeprom
0    102   0    5   323  3.4  read_ext_eeprom
0    164   0    2   572  3.4  init_ext_eeprom
0     18   0    0             @const1120
0     32   0    2             @PSTRINGC_1102
0     18   0    0             @const1122
0     18   0    0             @const1123
0     18   0    0             @const1124
0     44   0    0    94  1.7  Init_Keyboard
0    150   0    8   543  9.4  Get_Key
0    578   1    3  1517  5.9  Teclado
0     10   0    0    56  1.6  direita
0     10   0    0    56  1.6  esquerda
0     10   0    0    56  1.6  frente
0     10   0    0    56  1.6  atras
0     14   0    0    56  1.6  sentido_horario
0     14   0    0    56  1.6  sentido_antihorario
0     14   0    0    56  1.6  sobe
0     14   0    0    56  1.6  desce
0     56   0    1   160  3.9  one_step_x
0     56   0    1   160  3.9  one_step_y
0     52   0    1   160  3.9  one_step_flip
0     52   0    1   160  3.9  one_step_z
0      6   0    0    21  0.9  chopper_x
0      6   0    0    21  0.9  chopper_y
0      8   0    0    21  0.9  chopper_flip
0      8   0    0    21  0.9  chopper_z
0      6   0    0    21  0.9  stop_x
0      6   0    0    21  0.9  stop_y
0      8   0    0    44  0.1  stop_z
0    528   1    6  2270  9.1  le_Input
0     44   0    0             @goto12693
0     76   0    4   207  2.5  aciona_saida
0     66   0    4   207  2.5  desaciona_saida
0     40   0    2   183  2.4  desaciona_todas_saidas
0     22   0    0    47  1.5  Init_Sensores_porta1
0     22   0    0    47  1.5  Init_saidas
0    134   0    3   200  3.3  le_bit
0     66   0    6             @WRITEBITA
0     50   0    5             @READBITA
0    244   0    3   927  4.5  le_posicao_outra_maquina
0    150   0    1   925  2.6  envia_posicao_para_outra_maquina
0     54   0    0             @goto12797
0     54   0    0   141  1.8  tela_apresentacao
0     24   0    0             @const1238
0     32   0    2             @PSTRINGC_1104
0     24   0    0             @const1240
0     24   0    0             @const1241
0     24   0    0             @const1242
0     34   0    0    78  1.6  tela_iniciando_maquina
0     22   0    0             @const1244
0     22   0    0             @const1245
0    388   0    1  1417  3.9  tela_movimentando_maquina
0     24   0    0             @const1247
0     24   0    0             @const1248
0     24   0    0             @const1249
0     24   0    0             @const1251
0     24   0    0             @const1252
0     24   0    0             @const1253
0     24   0    0             @const1255
0     24   0    0             @const1256
0     22   0    0             @const1257
0     24   0    0             @const1259
0     24   0    0             @const1260
0     24   0    0             @const1261
0     24   0    0             @const1263
0     24   0    0             @const1264
0     24   0    0             @const1265
0     24   0    0             @const1267
0     24   0    0             @const1268
0     24   0    0             @const1269
0     24   0    0             @const1271
0     24   0    0             @const1272
0     24   0    0             @const1273
0     52   0    0             @goto12944
0     50   0    0   115  1.7  tela_esperando_mov_maquina
0     24   0    0             @const1276
0     24   0    0             @const1277
0     24   0    0             @const1278
0    470   1    1  1751  3.9  tela_esperando_mov_outra_maquina
0     24   0    0             @const1280
0     24   0    0             @const1281
0     24   0    0             @const1282
0     24   0    0             @const1283
0     24   0    0             @const1285
0     24   0    0             @const1286
0     24   0    0             @const1287
0     24   0    0             @const1288
0     24   0    0             @const1290
0     24   0    0             @const1291
0     24   0    0             @const1292
0     24   0    0             @const1293
0     24   0    0             @const1295
0     24   0    0             @const1296
0     24   0    0             @const1297
0     24   0    0             @const1298
0     24   0    0             @const1300
0     24   0    0             @const1301
0     24   0    0             @const1302
0     24   0    0             @const1303
0     24   0    0             @const1305
0     24   0    0             @const1306
0     24   0    0             @const1307
0     24   0    0             @const1308
0     24   0    0             @const1310
0     24   0    0             @const1311
0     24   0    0             @const1312
0     24   0    0             @const1313
0     52   0    0             @goto13042
0     62   0    0   147  1.8  tela_esperando_sair_posicao_outra_maquina
0     24   0    0             @const1316
0     24   0    0             @const1317
0     24   0    0             @const1318
0     24   0    0             @const1319
0    100   0    0   152  1.8  tela_principal
0     24   0    0             @const1321
0     24   0    0             @const1322
0     42   0    3             @PSTRINGCN_1104
0     44   0    3             @DIV88
0    130   0    2             @PRINTF_U_1104
0     24   0    0             @const1331
0     24   0    0             @const1332
0     62   0    0   141  1.8  tela_seleciona_maquina
0     24   0    0             @const1334
0     24   0    0             @const1335
0     24   0    0             @const1336
0     24   0    0             @const1337
0     64   0    0   141  1.8  tela_manutencao_outra_maquina
0     24   0    0             @const1339
0     24   0    0             @const1340
0     24   0    0             @const1341
0     24   0    0             @const1342
0     62   0    0   141  1.8  tela_edita_modelo
0     24   0    0             @const1344
0     24   0    0             @const1345
0     24   0    0             @const1346
0     24   0    0             @const1347
0     62   0    0   141  1.8  tela_seleciona_debug
0     24   0    0             @const1349
0     24   0    0             @const1350
0     24   0    0             @const1351
0     24   0    0             @const1352
0    106   0    0   152  1.8  tela_edita_pontos_no_modelo
0     24   0    0             @const1354
0     24   0    0             @const1355
0     22   0    0             @const1356
0     24   0    0             @const1357
0     64   0    0   141  1.8  tela_excluir_modelo
0     24   0    0             @const1359
0     24   0    0             @const1360
0     24   0    0             @const1361
0     24   0    0             @const1362
0    252   0    1   300  2.3  tela_seleciona_pontos
0     26   0    0             @const1364
0     26   0    0             @const1365
0     26   0    0             @const1366
0     26   0    0             @const1367
0    512   1    7   318  2.3  tela_dados_ponto
0     26   0    0             @const1372
0    190   0    9             @PRINTF_LU_1104
0     26   0    0             @const1375
0     28   0    0             @const1376
0     24   0    0             @const1377
0     62   0    0   141  1.8  tela_seleciona_manutencao
0     24   0    0             @const1379
0     24   0    0             @const1380
0     24   0    0             @const1381
0     24   0    0             @const1382
0    494   1    3   364  2.3  tela_debug_entrada_1
0     30   0    0             @const1384
0     30   0    0             @const1385
0     30   0    0             @const1386
0     24   0    0             @const1387
0    494   1    3   364  2.3  tela_debug_entrada_2
0     30   0    0             @const1389
0     30   0    0             @const1390
0     30   0    0             @const1391
0     24   0    0             @const1392
0    546   1    3   391  2.3  tela_debug_entrada_3
0     30   0    0             @const1394
0     30   0    0             @const1395
0     30   0    0             @const1396
0     26   0    0             @const1397
0     90   0    0   212  1.8  tela_debug_saida_1
0     24   0    0             @const1399
0     24   0    0             @const1400
0     24   0    0             @const1401
0     24   0    0             @const1402
0     90   0    0   212  1.8  tela_debug_saida_2
0     24   0    0             @const1405
0     24   0    0             @const1406
0     24   0    0             @const1407
0     24   0    0             @const1408
0     90   0    0   212  1.8  tela_debug_saida_3
0     24   0    0             @const1411
0     24   0    0             @const1412
0     24   0    0             @const1413
0     24   0    0             @const1414
0    222   0    0   186  1.8  tela_debug_saida_4
0     24   0    0             @const1417
0     24   0    0             @const1418
0     24   0    0             @const1419
0     24   0    0             @const1420
0    102   0    0   152  1.8  tela_programa_principal
0     24   0    0             @const1422
0     24   0    0             @const1423
0     24   0    0             @const1424
0     24   0    0             @const1425
0   1246   1   20   915  6.4  init_axis_x
0     56   0    4             @DTOF
0     66   0    5             @FTOSD
0    370   0    9  1009  9.9  motor_run_x
0    598   1    5   581  5.7  proximo_valor_subida_x
0    650   1    5   604  5.7  proximo_valor_descida_x
0    198   0    0   836  9.1  movimenta_eixo_x
0   1280   1   20   900  6.4  init_axis_y
0    380   0    9  1009  9.9  motor_run_y
0    598   1    5   581  5.7  proximo_valor_subida_y
0    650   1    5   604  5.7  proximo_valor_descida_y
0    220   0    0   821  8.7  movimenta_eixo_y
0   1084   1   12   833  5.9  init_axis_z
0    346   0    9  1009  9.9  motor_run_z
0    576   1    5   581  5.7  proximo_valor_subida_z
0    608   1    5   604  5.7  proximo_valor_descida_z
0    208   0    0   791  8.6  movimenta_eixo_z
0    116   0    3   190  4.0  go_flip
0    322   0    3  1160  5.9  flip_home
0    274   0    2   965  5.3  x_home_esquerda
0    274   0    2   965  5.3  y_home_frente
0    276   0    2   965  5.3  y_home_atras
0    278   0    2   965  5.3  x_home_direita
0    246   0    2   855  5.3  z_home
0    252   0    2   965  6.4  posicao_maquina_1_default
0   2434   3    2 10967  7.5  envia_maquina_para_posicao
0     52   0    0             @goto14729
0     16   0    0    21  0.9  liga_pressor
0     16   0    0    21  0.9  desliga_pressor
0    172   0    2   367  2.9  empurra_placa
0    168   0    2   367  2.9  dispensa_placa
0    230   0    4   362  2.9  ligar_alimentador_solda
0     60   0    1   119  2.1  desce_ferros
0     60   0    1   119  2.1  sobe_ferros
0     18   0    0    21  0.9  liga_esteira
0     18   0    0    21  0.9  desliga_esteira
0     94   0    3   104  1.3  limpa_bicos
0    152   0    1   250  1.4  home_solenoides
0   2836   3    7  4940 10.0  soldar_teste
0     44   0    0             @goto14961
0     24   0    0             @const1611
0     24   0    0             @const1612
0     24   0    0             @const1613
0   3020   3    5  6080 10.5  soldar
0     44   0    0             @goto15164
0    574   1   11  1151  7.2  ler_modelo_memoria
0    736   1    8  1228  6.0  escrever_ponto_memoria
0     84   0    6   242  5.5  excluir_modelo_memoria
0     36   0    5   108  3.5  escrever_pontos_no_modelo
0    130   0    0   639  6.5  atualiza_tela_principal
0     24   0    0             @const1657
0     24   0    0             @const1659
0     60   0    0   218  3.5  atualiza_tela_seleciona_maquina
0     34   0    0    94  3.1  atualiza_tela_manutencao_outra_maquina
0     48   0    0   195  3.5  atualiza_tela_edita_modelo
0     74   0    0   304  3.6  atualiza_tela_seleciona_debug
0    130   0    1   542  6.0  atualiza_tela_edita_pontos_no_modelo
0     22   0    0             @const1661
0     48   0    0             @goto15319
0    140   0    1   354  4.0  atualiza_tela_excluir_modelo
0     24   0    0             @const1664
0     24   0    0             @const1666
0    574   1    2  1962  9.3  atualiza_tela_seleciona_pontos
0     48   0    0             @goto15395
0   1962   2    4  4933  9.9  atualiza_tela_dados_ponto
0     18   0    0             @const1669
0     16   0    0             @const1671
0     76   0    0             @goto15504
0     48   0    0   195  3.5  atualiza_tela_seleciona_manutencao
0    124   0    1   423  7.4  atualiza_tela_debug_entrada_1
0    138   0    1   500  7.5  atualiza_tela_debug_entrada_2
0    126   0    1   423  7.4  atualiza_tela_debug_entrada_3
0    288   0    1  1150  6.3  atualiza_tela_debug_saida_1
0     54   0    0             @goto15633
0    298   0    1  1272  6.3  atualiza_tela_debug_saida_2
0     54   0    0             @goto15669
0    344   0    0  1403  6.3  atualiza_tela_debug_saida_3
0     54   0    0             @goto15703
0    492   1    2  1585  6.8  atualiza_tela_debug_saida_4
0     74   0    0             @goto15745
0    704   1    3  3795  7.9  programa_principal
0     24   0    0             @const1684
0     24   0    0             @const1685
0     24   0    0             @const1687
0     24   0    0             @const1688
0     64   0    0             @goto15911
0      8   0    0    16  1.0  trata_timer0
0      8   0    0    16  1.0  trata_timer1
0     22   0    0    17  1.3  trata_timer2
0      8   0    0    16  1.0  trata_timer3
0    914   1    8  1922  5.9  MAIN
0    150   0   13             @DIV3232
0     72   0    0             @goto15975
 Inline         0             @cinit1

Program metrics:
    Functions               133
    Statements              3363
    Comments                1160
    Volume (V)              168413
    Difficulty (D)          506.7
    Effort to implement (E) 85336033
    Time to implement (T)   1316 hours, 55 minutes
    Est Delivered Bugs (B)  65
    Cyclomatic Complexity   443
    Maintainability (MI)    31

 Segment     Used  Free
-----------  ----  ----
00000-00002     4  0  
00004-00006     0  4  
00008-000B8   178  0  
000BA-0FCBE  43392  21126  



